<?xml version="1.0" encoding="utf-8" standalone="no"?>
<!--This file represents the results of running a test suite-->
<test-results name="..\..\Source\Dtc.ResourceManager.Tests\bin\Debug\Dtc.ResourceManager.Tests.dll" total="66" failures="15" not-run="1" date="2009-02-10" time="13:42:54">
  <environment nunit-version="2.4.8.0" clr-version="2.0.50727.1433" os-version="Microsoft Windows NT 5.1.2600 Service Pack 2" platform="Win32NT" cwd="C:\projects\ApplicationsTeamMicrosoftTechnologies\DTCResourceManager\Trunk\Tools\ncover-1.5.8" machine-name="LDNDT1493" user="downg" user-domain="DTC" />
  <culture-info current-culture="en-GB" current-uiculture="en-US" />
  <test-suite name="..\..\Source\Dtc.ResourceManager.Tests\bin\Debug\Dtc.ResourceManager.Tests.dll" success="False" time="28.141" asserts="0">
    <results>
      <test-suite name="Dtc" success="False" time="28.078" asserts="0">
        <results>
          <test-suite name="ResourceManager" success="False" time="28.063" asserts="0">
            <results>
              <test-suite name="Tests" success="False" time="28.063" asserts="0">
                <results>
                  <test-suite name="Functional" success="False" time="26.563" asserts="0">
                    <results>
                      <test-suite name="ActiveDirectory" success="False" time="22.922" asserts="0">
                        <results>
                          <test-suite name="ActiveDirectoryTests" success="False" time="22.906" asserts="0">
                            <results>
                              <test-case name="Dtc.ResourceManager.Tests.Functional.ActiveDirectory.ActiveDirectoryTests.ShouldPopulateAKnownUser" executed="True" success="False" time="22.906" asserts="2">
                                <failure>
                                  <message><![CDATA[  Expected: not null
  But was:  null
]]></message>
                                  <stack-trace><![CDATA[at Dtc.ResourceManager.Tests.Functional.ActiveDirectory.ActiveDirectoryTests.ShouldPopulateAKnownUser() in c:\projects\ApplicationsTeamMicrosoftTechnologies\DTCResourceManager\Trunk\Source\Dtc.ResourceManager.Tests\Functional\ActiveDirectory\ActiveDirectoryTests.cs:line 53
]]></stack-trace>
                                </failure>
                              </test-case>
                            </results>
                          </test-suite>
                        </results>
                      </test-suite>
                      <test-suite name="Notification" success="True" time="2.938" asserts="0">
                        <results>
                          <test-suite name="NotificationTests" success="True" time="2.938" asserts="0">
                            <results>
                              <test-case name="Dtc.ResourceManager.Tests.Functional.Notification.NotificationTests.ShouldCreateANotification" executed="True" success="True" time="2.797" asserts="0" />
                              <test-case name="Dtc.ResourceManager.Tests.Functional.Notification.NotificationTests.ShouldNotifyUsersOfOverdueReports" executed="True" success="True" time="0.141" asserts="0" />
                            </results>
                          </test-suite>
                        </results>
                      </test-suite>
                      <test-suite name="Presenters" success="False" time="0.703" asserts="0">
                        <results>
                          <test-suite name="EditActivityPresenterTests" success="True" time="0.000" asserts="0">
                            <results>
                              <test-case name="Dtc.ResourceManager.Tests.Functional.Presenters.EditActivityPresenterTests.ShouldBeAbleToSaveAnActivity" executed="True" success="True" time="0.000" asserts="0" />
                            </results>
                          </test-suite>
                          <test-suite name="EditDashboardPresenterTests" success="False" time="0.500" asserts="0">
                            <results>
                              <test-case name="Dtc.ResourceManager.Tests.Functional.Presenters.EditDashboardPresenterTests.ShouldBeAbleToSaveADashboard" executed="True" success="False" time="0.500" asserts="0">
                                <failure>
                                  <message><![CDATA[Dtc.Data.Exceptions.RepositoryException : An error occurred when trying to submit changes

INSERT: Dtc.ResourceManager.Domain.ResourceManagerProject
INSERT: Dtc.ResourceManager.Domain.ResourceManagerProject
INSERT: Dtc.ResourceManager.Domain.User
INSERT: Dtc.ResourceManager.Domain.User
INSERT: Dtc.ResourceManager.Domain.User
INSERT: Dtc.ResourceManager.Domain.User

  ----> System.Data.SqlClient.SqlException : Cannot insert the value NULL into column 'ProjectBacklogIterationId', table 'ResourceManager.dbo.ResourceManagerProject'; column does not allow nulls. INSERT fails.
The statement has been terminated.]]></message>
                                  <stack-trace><![CDATA[at Dtc.Data.LinqToSql.LinqToSqlRepositoryBase`1.SubmitChanges() in c:\projects\ApplicationsTeamMicrosoftTechnologies\DTCResourceManager\Trunk\Source\Dtc.ResourceManager.Core\Data\LinqToSql\LinqToSqlRepositoryBase.cs:line 212
at Dtc.ResourceManager.Tests.Functional.Presenters.EditDashboardPresenterTests.Setup() in c:\projects\ApplicationsTeamMicrosoftTechnologies\DTCResourceManager\Trunk\Source\Dtc.ResourceManager.Tests\Functional\Presenters\EditDashboardPresenterTests.cs:line 97
--SqlException
at System.Data.SqlClient.SqlConnection.OnError(SqlException exception, Boolean breakConnection)
at System.Data.SqlClient.SqlInternalConnection.OnError(SqlException exception, Boolean breakConnection)
at System.Data.SqlClient.TdsParser.ThrowExceptionAndWarning(TdsParserStateObject stateObj)
at System.Data.SqlClient.TdsParser.Run(RunBehavior runBehavior, SqlCommand cmdHandler, SqlDataReader dataStream, BulkCopySimpleResultSet bulkCopyHandler, TdsParserStateObject stateObj)
at System.Data.SqlClient.SqlDataReader.ConsumeMetaData()
at System.Data.SqlClient.SqlDataReader.get_MetaData()
at System.Data.SqlClient.SqlCommand.FinishExecuteReader(SqlDataReader ds, RunBehavior runBehavior, String resetOptionsString)
at System.Data.SqlClient.SqlCommand.RunExecuteReaderTds(CommandBehavior cmdBehavior, RunBehavior runBehavior, Boolean returnStream, Boolean async)
at System.Data.SqlClient.SqlCommand.RunExecuteReader(CommandBehavior cmdBehavior, RunBehavior runBehavior, Boolean returnStream, String method, DbAsyncResult result)
at System.Data.SqlClient.SqlCommand.RunExecuteReader(CommandBehavior cmdBehavior, RunBehavior runBehavior, Boolean returnStream, String method)
at System.Data.SqlClient.SqlCommand.ExecuteReader(CommandBehavior behavior, String method)
at System.Data.SqlClient.SqlCommand.ExecuteDbDataReader(CommandBehavior behavior)
at System.Data.Common.DbCommand.ExecuteReader()
at System.Data.Linq.SqlClient.SqlProvider.Execute(Expression query, QueryInfo queryInfo, IObjectReaderFactory factory, Object[] parentArgs, Object[] userArgs, ICompiledSubQuery[] subQueries, Object lastResult)
at System.Data.Linq.SqlClient.SqlProvider.ExecuteAll(Expression query, QueryInfo[] queryInfos, IObjectReaderFactory factory, Object[] userArguments, ICompiledSubQuery[] subQueries)
at System.Data.Linq.SqlClient.SqlProvider.System.Data.Linq.Provider.IProvider.Execute(Expression query)
at System.Data.Linq.ChangeDirector.StandardChangeDirector.DynamicInsert(TrackedObject item)
at System.Data.Linq.ChangeDirector.StandardChangeDirector.Insert(TrackedObject item)
at System.Data.Linq.ChangeProcessor.SubmitChanges(ConflictMode failureMode)
at System.Data.Linq.DataContext.SubmitChanges(ConflictMode failureMode)
at Dtc.Data.LinqToSql.LinqToSqlRepositoryBase`1.SubmitChanges() in c:\projects\ApplicationsTeamMicrosoftTechnologies\DTCResourceManager\Trunk\Source\Dtc.ResourceManager.Core\Data\LinqToSql\LinqToSqlRepositoryBase.cs:line 184
]]></stack-trace>
                                </failure>
                              </test-case>
                            </results>
                          </test-suite>
                          <test-suite name="EditUserPresenterTests" success="False" time="0.203" asserts="0">
                            <results>
                              <test-case name="Dtc.ResourceManager.Tests.Functional.Presenters.EditUserPresenterTests.ShouldBeAbleToSaveAUser" executed="True" success="False" time="0.203" asserts="0">
                                <failure>
                                  <message><![CDATA[Rhino.Mocks.Exceptions.ExpectationViolationException : Expected that IEditView`1.OnPresenterSavedOk(any, any); would be called, but it was not found on the actual calls made on the mocked object.]]></message>
                                  <stack-trace><![CDATA[at Rhino.Mocks.RhinoMocksExtensions.AssertWasCalled[T](T mock, Action`1 action, Action`1 setupConstraints)
at Dtc.ResourceManager.Tests.Functional.Presenters.EditUserPresenterTests.ShouldBeAbleToSaveAUser() in c:\projects\ApplicationsTeamMicrosoftTechnologies\DTCResourceManager\Trunk\Source\Dtc.ResourceManager.Tests\Functional\Presenters\EditUserPresenterTests.cs:line 57
]]></stack-trace>
                                </failure>
                              </test-case>
                            </results>
                          </test-suite>
                        </results>
                      </test-suite>
                    </results>
                  </test-suite>
                  <test-suite name="Unit" success="False" time="1.484" asserts="0">
                    <results>
                      <test-suite name="Model" success="False" time="0.875" asserts="0">
                        <results>
                          <test-suite name="ActivityTests" success="True" time="0.016" asserts="0">
                            <results>
                              <test-case name="Dtc.ResourceManager.Tests.Unit.Model.ActivityTests.TestIsUserActivity" executed="True" success="True" time="0.000" asserts="2" />
                              <test-case name="Dtc.ResourceManager.Tests.Unit.Model.ActivityTests.TestStatus_OneDayActivity_ShouldAlwaysBeRed_IfEndDateInPast" executed="True" success="True" time="0.016" asserts="1" />
                              <test-case name="Dtc.ResourceManager.Tests.Unit.Model.ActivityTests.TestStatus_OneDayActivity_ShouldBeAmber_Between3PM_and_4PM" executed="True" success="True" time="0.000" asserts="1" />
                              <test-case name="Dtc.ResourceManager.Tests.Unit.Model.ActivityTests.TestStatus_OneDayActivity_ShouldBeGreen_AtNineAM" executed="True" success="True" time="0.000" asserts="1" />
                              <test-case name="Dtc.ResourceManager.Tests.Unit.Model.ActivityTests.TestStatus_OneDayActivity_ShouldBeRed_Between3PM_and_4PM" executed="True" success="True" time="0.000" asserts="1" />
                              <test-case name="Dtc.ResourceManager.Tests.Unit.Model.ActivityTests.TestStatus_ShouldBeAmber" executed="True" success="True" time="0.000" asserts="1" />
                              <test-case name="Dtc.ResourceManager.Tests.Unit.Model.ActivityTests.TestStatus_ShouldBeGreen" executed="True" success="True" time="0.000" asserts="1" />
                              <test-case name="Dtc.ResourceManager.Tests.Unit.Model.ActivityTests.TestTargetPercentage" executed="True" success="True" time="0.000" asserts="1" />
                            </results>
                          </test-suite>
                          <test-suite name="DashboardItemTests" success="True" time="0.078" asserts="0">
                            <results>
                              <test-case name="Dtc.ResourceManager.Tests.Unit.Model.DashboardItemTests.ShouldReturnTargetPercentageForActivityDashboardItem" executed="True" success="True" time="0.031" asserts="1" />
                              <test-case name="Dtc.ResourceManager.Tests.Unit.Model.DashboardItemTests.ShouldReturnTargetPercentageForSprintDashboardItem" executed="True" success="True" time="0.047" asserts="1" />
                            </results>
                          </test-suite>
                          <test-suite name="DateProviderTests" success="True" time="0.000" asserts="0">
                            <results>
                              <test-case name="Dtc.ResourceManager.Tests.Unit.Model.DateProviderTests.TestForceDate" executed="True" success="True" time="0.000" asserts="1" />
                            </results>
                          </test-suite>
                          <test-suite name="SprintActivityTests" success="False" time="0.375" asserts="0">
                            <results>
                              <test-case name="Dtc.ResourceManager.Tests.Unit.Model.SprintActivityTests.ShouldCalculatePercentCompleteAsZero_WhenNoTasks" executed="True" success="False" time="0.063" asserts="0">
                                <failure>
                                  <message><![CDATA[System.ArgumentNullException : Value cannot be null.
Parameter name: source]]></message>
                                  <stack-trace><![CDATA[at System.Linq.Enumerable.ToList[TSource](IEnumerable`1 source)
at Dtc.ResourceManager.SourceControlIntegration.TeamFoundationServer.TeamFoundationTaskListProxy.CreateList() in c:\projects\ApplicationsTeamMicrosoftTechnologies\DTCResourceManager\Trunk\Source\Dtc.ResourceManager.Core\SourceControlIntegration\TeamFoundationServer\TeamFoundationTaskListProxy.cs:line 37
at Dtc.ResourceManager.Domain.ListProxy`1.EnsureItems() in c:\projects\ApplicationsTeamMicrosoftTechnologies\DTCResourceManager\Trunk\Source\Dtc.ResourceManager.Core\Domain\ListProxy.cs:line 12
at Dtc.ResourceManager.Domain.ListProxy`1.GetEnumerator() in c:\projects\ApplicationsTeamMicrosoftTechnologies\DTCResourceManager\Trunk\Source\Dtc.ResourceManager.Core\Domain\ListProxy.cs:line 21
at Dtc.ResourceManager.Domain.ProgressCalculator.CalculatePercentComplete(IEnumerable`1 tasks) in c:\projects\ApplicationsTeamMicrosoftTechnologies\DTCResourceManager\Trunk\Source\Dtc.ResourceManager.Core\Domain\ProgressCalculator.cs:line 16
at Dtc.ResourceManager.Domain.Activity.get_ActualPercentage() in c:\projects\ApplicationsTeamMicrosoftTechnologies\DTCResourceManager\Trunk\Source\Dtc.ResourceManager.Core\Domain\Activity.cs:line 116
at Dtc.ResourceManager.Tests.Unit.Model.SprintActivityTests.ShouldCalculatePercentCompleteAsZero_WhenNoTasks() in c:\projects\ApplicationsTeamMicrosoftTechnologies\DTCResourceManager\Trunk\Source\Dtc.ResourceManager.Tests\Unit\Model\SprintActivityTests.cs:line 82
]]></stack-trace>
                                </failure>
                              </test-case>
                              <test-case name="Dtc.ResourceManager.Tests.Unit.Model.SprintActivityTests.ShouldCalculatePercentCompleteCorrectly" executed="True" success="True" time="0.250" asserts="1" />
                              <test-case name="Dtc.ResourceManager.Tests.Unit.Model.SprintActivityTests.ShouldShowActivityStatusAsGreen" executed="True" success="False" time="0.063" asserts="2">
                                <failure>
                                  <message><![CDATA[  Expected: 25
  But was:  0
]]></message>
                                  <stack-trace><![CDATA[at Dtc.ResourceManager.Tests.Unit.Model.SprintActivityTests.ShouldShowActivityStatusAsGreen() in c:\projects\ApplicationsTeamMicrosoftTechnologies\DTCResourceManager\Trunk\Source\Dtc.ResourceManager.Tests\Unit\Model\SprintActivityTests.cs:line 108
]]></stack-trace>
                                </failure>
                              </test-case>
                            </results>
                          </test-suite>
                          <test-suite name="UserTests" success="True" time="0.016" asserts="0">
                            <results>
                              <test-case name="Dtc.ResourceManager.Tests.Unit.Model.UserTests.ShouldHonourLeave_WhenUserHasLeave_OnDayTheyWereAdded" executed="True" success="True" time="0.000" asserts="1" />
                              <test-case name="Dtc.ResourceManager.Tests.Unit.Model.UserTests.TestGetReportDate_EnsureHonoursLeave_MultipleDays" executed="True" success="True" time="0.016" asserts="1" />
                              <test-case name="Dtc.ResourceManager.Tests.Unit.Model.UserTests.TestGetReportDate_EnsureHonoursLeave_MultipleDays_SpansOverWeekend" executed="True" success="True" time="0.000" asserts="1" />
                              <test-case name="Dtc.ResourceManager.Tests.Unit.Model.UserTests.TestGetReportDate_EnsureHonoursLeave_SingleDay" executed="True" success="True" time="0.000" asserts="1" />
                              <test-case name="Dtc.ResourceManager.Tests.Unit.Model.UserTests.TestGetReportDate_EnsureIncrements" executed="True" success="True" time="0.000" asserts="2" />
                              <test-case name="Dtc.ResourceManager.Tests.Unit.Model.UserTests.TestGetReportDate_EnsureTimeInPast" executed="True" success="True" time="0.000" asserts="1" />
                              <test-case name="Dtc.ResourceManager.Tests.Unit.Model.UserTests.TestGetReportDate_WithLastReportDateSaturday" executed="True" success="True" time="0.000" asserts="1" />
                              <test-case name="Dtc.ResourceManager.Tests.Unit.Model.UserTests.TestGetReportDate_WithLastReportOnMonday" executed="True" success="True" time="0.000" asserts="1" />
                              <test-case name="Dtc.ResourceManager.Tests.Unit.Model.UserTests.TestGetReportDate_WithLastReportToday" executed="True" success="True" time="0.000" asserts="1" />
                              <test-case name="Dtc.ResourceManager.Tests.Unit.Model.UserTests.TestGetReportDate_WithTodayWeekendDay" executed="True" success="True" time="0.000" asserts="2" />
                            </results>
                          </test-suite>
                          <test-suite name="Utilitities" success="True" time="0.391" asserts="0">
                            <results>
                              <test-suite name="ParamBuilderTests" success="True" time="0.016" asserts="0">
                                <results>
                                  <test-case name="Dtc.ResourceManager.Tests.Unit.Model.Utilitities.ParamBuilderTests.ShouldBeAbleToAddASingleParameter" executed="True" success="True" time="0.000" asserts="2" />
                                  <test-case name="Dtc.ResourceManager.Tests.Unit.Model.Utilitities.ParamBuilderTests.ShouldBeAbleToAddMultipleParameters" executed="True" success="True" time="0.016" asserts="6" />
                                </results>
                              </test-suite>
                              <test-suite name="XmlSerializerTests" success="True" time="0.359" asserts="0">
                                <results>
                                  <test-case name="Dtc.ResourceManager.Tests.Unit.Model.Utilitities.XmlSerializerTests.ShouldBeAbleSerializeAndDeserializeAnObject" executed="True" success="True" time="0.359" asserts="1" />
                                  <test-case name="Dtc.ResourceManager.Tests.Unit.Model.Utilitities.XmlSerializerTests.ShouldBeAbleSerializeAnObject" executed="True" success="True" time="0.000" asserts="3" />
                                </results>
                              </test-suite>
                            </results>
                          </test-suite>
                        </results>
                      </test-suite>
                      <test-suite name="Presenters" success="False" time="0.547" asserts="0">
                        <results>
                          <test-suite name="BasePresenterTests" success="False" time="0.141" asserts="0">
                            <results>
                              <test-case name="Dtc.ResourceManager.Tests.Unit.Presenters.BasePresenterTests.ShouldBeAbleToEditAndSave" executed="True" success="True" time="0.109" asserts="5" />
                              <test-case name="Dtc.ResourceManager.Tests.Unit.Presenters.BasePresenterTests.ShouldBeAbleToInitialize_Edit" executed="True" success="False" time="0.016" asserts="1">
                                <failure>
                                  <message><![CDATA[  Expected: "Title1"
  But was:  null
]]></message>
                                  <stack-trace><![CDATA[at Dtc.ResourceManager.Tests.Unit.Presenters.BasePresenterTests.ShouldBeAbleToInitialize_Edit() in c:\projects\ApplicationsTeamMicrosoftTechnologies\DTCResourceManager\Trunk\Source\Dtc.ResourceManager.Tests\Unit\Presenters\BasePresenterTests.cs:line 131
]]></stack-trace>
                                </failure>
                              </test-case>
                              <test-case name="Dtc.ResourceManager.Tests.Unit.Presenters.BasePresenterTests.ShouldBeAbleToInitialize_Insert" executed="True" success="True" time="0.000" asserts="2" />
                              <test-case name="Dtc.ResourceManager.Tests.Unit.Presenters.BasePresenterTests.ShouldBeAbleToInsertAndSave" executed="True" success="False" time="0.016" asserts="0">
                                <failure>
                                  <message><![CDATA[System.InvalidOperationException : Sequence contains no elements]]></message>
                                  <stack-trace><![CDATA[at System.Linq.Enumerable.Single[TSource](IEnumerable`1 source)
at lambda_method(ExecutionScope )
at System.Linq.EnumerableExecutor`1.Execute()
at System.Linq.EnumerableQuery`1.System.Linq.IQueryProvider.Execute[S](Expression expression)
at System.Linq.Queryable.Single[TSource](IQueryable`1 source)
at Dtc.ResourceManager.Tests.Unit.Presenters.BasePresenterTests.ShouldBeAbleToInsertAndSave() in c:\projects\ApplicationsTeamMicrosoftTechnologies\DTCResourceManager\Trunk\Source\Dtc.ResourceManager.Tests\Unit\Presenters\BasePresenterTests.cs:line 174
]]></stack-trace>
                                </failure>
                              </test-case>
                            </results>
                          </test-suite>
                          <test-suite name="DashboardPresenterTests" success="False" time="0.109" asserts="0">
                            <results>
                              <test-case name="Dtc.ResourceManager.Tests.Unit.Presenters.DashboardPresenterTests.ShouldBeAbleToDeleteAnItem" executed="True" success="True" time="0.063" asserts="0" />
                              <test-case name="Dtc.ResourceManager.Tests.Unit.Presenters.DashboardPresenterTests.ShouldBeAbleToEditAnItem" executed="True" success="True" time="0.016" asserts="0" />
                              <test-case name="Dtc.ResourceManager.Tests.Unit.Presenters.DashboardPresenterTests.ShouldBeAbleToSwitchToEditMode" executed="True" success="True" time="0.000" asserts="0" />
                              <test-case name="Dtc.ResourceManager.Tests.Unit.Presenters.DashboardPresenterTests.ShouldBeAvailableForBusinessStakeholders" executed="True" success="True" time="0.000" asserts="0" />
                              <test-case name="Dtc.ResourceManager.Tests.Unit.Presenters.DashboardPresenterTests.ShouldBeAvailableForManagers" executed="True" success="True" time="0.016" asserts="0" />
                              <test-case name="Dtc.ResourceManager.Tests.Unit.Presenters.DashboardPresenterTests.ShouldNotBeAvailableForOtherUserRoles" executed="True" success="True" time="0.000" asserts="0" />
                              <test-case name="Dtc.ResourceManager.Tests.Unit.Presenters.DashboardPresenterTests.ShouldShowEditIfUserIsAManager" executed="True" success="False" time="0.000" asserts="0">
                                <failure>
                                  <message><![CDATA[Rhino.Mocks.Exceptions.ExpectationViolationException : Expected that IDashboardView.set_EditButtonVisible(True); would be called, but it was not found on the actual calls made on the mocked object.]]></message>
                                  <stack-trace><![CDATA[at Rhino.Mocks.RhinoMocksExtensions.AssertWasCalled[T](T mock, Action`1 action, Action`1 setupConstraints)
at Rhino.Mocks.RhinoMocksExtensions.AssertWasCalled[T](T mock, Action`1 action)
at Dtc.ResourceManager.Tests.Unit.Presenters.DashboardPresenterTests.ShouldShowEditIfUserIsAManager() in c:\projects\ApplicationsTeamMicrosoftTechnologies\DTCResourceManager\Trunk\Source\Dtc.ResourceManager.Tests\Unit\Presenters\DashboardPresenterTests.cs:line 50
]]></stack-trace>
                                </failure>
                              </test-case>
                              <test-case name="Dtc.ResourceManager.Tests.Unit.Presenters.DashboardPresenterTests.ShouldShowItemsToUser" executed="True" success="True" time="0.000" asserts="0" />
                            </results>
                          </test-suite>
                          <test-suite name="EditActivityTypePresenterTests" success="False" time="0.063" asserts="0">
                            <results>
                              <test-case name="Dtc.ResourceManager.Tests.Unit.Presenters.EditActivityTypePresenterTests.ShouldBeAbleToSave" executed="True" success="False" time="0.047" asserts="0">
                                <failure>
                                  <message><![CDATA[System.NullReferenceException : Object reference not set to an instance of an object.]]></message>
                                  <stack-trace><![CDATA[at Dtc.Mvp.Base.Presenters.BasePresenter`1.get_ActiveUser() in c:\projects\ApplicationsTeamMicrosoftTechnologies\DTCResourceManager\Trunk\Source\Dtc.ResourceManager.Presenters\Base\Presenters\BasePresenter.cs:line 26
at Dtc.Mvp.Base.Presenters.BasePresenter`1.CheckSecurity() in c:\projects\ApplicationsTeamMicrosoftTechnologies\DTCResourceManager\Trunk\Source\Dtc.ResourceManager.Presenters\Base\Presenters\BasePresenter.cs:line 68
at Dtc.Mvp.Base.Presenters.BasePresenter`1.Initialize() in c:\projects\ApplicationsTeamMicrosoftTechnologies\DTCResourceManager\Trunk\Source\Dtc.ResourceManager.Presenters\Base\Presenters\BasePresenter.cs:line 47
at Dtc.Mvp.Base.Presenters.BaseEditPresenter`4.Initialize() in c:\projects\ApplicationsTeamMicrosoftTechnologies\DTCResourceManager\Trunk\Source\Dtc.ResourceManager.Presenters\Base\Presenters\BaseEditPresenter.cs:line 61
at Dtc.ResourceManager.Tests.Unit.Presenters.EditActivityTypePresenterTests.ShouldBeAbleToSave() in c:\projects\ApplicationsTeamMicrosoftTechnologies\DTCResourceManager\Trunk\Source\Dtc.ResourceManager.Tests\Unit\Presenters\EditActivityTypePresenterTests.cs:line 47
]]></stack-trace>
                                </failure>
                              </test-case>
                              <test-case name="Dtc.ResourceManager.Tests.Unit.Presenters.EditActivityTypePresenterTests.ShouldSetViewValues" executed="True" success="False" time="0.016" asserts="0">
                                <failure>
                                  <message><![CDATA[System.NullReferenceException : Object reference not set to an instance of an object.]]></message>
                                  <stack-trace><![CDATA[at Dtc.Mvp.Base.Presenters.BasePresenter`1.get_ActiveUser() in c:\projects\ApplicationsTeamMicrosoftTechnologies\DTCResourceManager\Trunk\Source\Dtc.ResourceManager.Presenters\Base\Presenters\BasePresenter.cs:line 26
at Dtc.Mvp.Base.Presenters.BasePresenter`1.CheckSecurity() in c:\projects\ApplicationsTeamMicrosoftTechnologies\DTCResourceManager\Trunk\Source\Dtc.ResourceManager.Presenters\Base\Presenters\BasePresenter.cs:line 68
at Dtc.Mvp.Base.Presenters.BasePresenter`1.Initialize() in c:\projects\ApplicationsTeamMicrosoftTechnologies\DTCResourceManager\Trunk\Source\Dtc.ResourceManager.Presenters\Base\Presenters\BasePresenter.cs:line 47
at Dtc.Mvp.Base.Presenters.BaseEditPresenter`4.Initialize() in c:\projects\ApplicationsTeamMicrosoftTechnologies\DTCResourceManager\Trunk\Source\Dtc.ResourceManager.Presenters\Base\Presenters\BaseEditPresenter.cs:line 61
at Dtc.ResourceManager.Tests.Unit.Presenters.EditActivityTypePresenterTests.ShouldSetViewValues() in c:\projects\ApplicationsTeamMicrosoftTechnologies\DTCResourceManager\Trunk\Source\Dtc.ResourceManager.Tests\Unit\Presenters\EditActivityTypePresenterTests.cs:line 37
]]></stack-trace>
                                </failure>
                              </test-case>
                            </results>
                          </test-suite>
                          <test-suite name="EditDashboardPresenterTests" success="False" time="0.078" asserts="0">
                            <results>
                              <test-case name="Dtc.ResourceManager.Tests.Unit.Presenters.EditDashboardPresenterTests.ShouldBeAbleToInitialize" executed="True" success="False" time="0.000" asserts="0">
                                <failure>
                                  <message><![CDATA[System.NullReferenceException : Object reference not set to an instance of an object.]]></message>
                                  <stack-trace><![CDATA[at Dtc.Mvp.Base.Presenters.BaseEditPresenter`4.get_IsInsert() in c:\projects\ApplicationsTeamMicrosoftTechnologies\DTCResourceManager\Trunk\Source\Dtc.ResourceManager.Presenters\Base\Presenters\BaseEditPresenter.cs:line 76
at Dtc.Mvp.Base.Presenters.BaseEditPresenter`4.Initialize() in c:\projects\ApplicationsTeamMicrosoftTechnologies\DTCResourceManager\Trunk\Source\Dtc.ResourceManager.Presenters\Base\Presenters\BaseEditPresenter.cs:line 50
at Dtc.ResourceManager.Tests.Unit.Presenters.EditDashboardPresenterTests.ShouldBeAbleToInitialize() in c:\projects\ApplicationsTeamMicrosoftTechnologies\DTCResourceManager\Trunk\Source\Dtc.ResourceManager.Tests\Unit\Presenters\EditDashboardPresenterTests.cs:line 42
]]></stack-trace>
                                </failure>
                              </test-case>
                              <test-case name="Dtc.ResourceManager.Tests.Unit.Presenters.EditDashboardPresenterTests.ShouldBeAbleToInsertADashboard" executed="True" success="False" time="0.063" asserts="0">
                                <failure>
                                  <message><![CDATA[System.InvalidOperationException : Sequence contains no elements]]></message>
                                  <stack-trace><![CDATA[at System.Linq.Enumerable.Single[TSource](IEnumerable`1 source)
at lambda_method(ExecutionScope )
at System.Linq.EnumerableExecutor`1.Execute()
at System.Linq.EnumerableQuery`1.System.Linq.IQueryProvider.Execute[S](Expression expression)
at System.Linq.Queryable.Single[TSource](IQueryable`1 source)
at Dtc.ResourceManager.Tests.Unit.Presenters.EditDashboardPresenterTests.ShouldBeAbleToInsertADashboard() in c:\projects\ApplicationsTeamMicrosoftTechnologies\DTCResourceManager\Trunk\Source\Dtc.ResourceManager.Tests\Unit\Presenters\EditDashboardPresenterTests.cs:line 66
]]></stack-trace>
                                </failure>
                              </test-case>
                              <test-case name="Dtc.ResourceManager.Tests.Unit.Presenters.EditDashboardPresenterTests.ShouldSetUserListToStakeholdersAndManagersOnly_ExcludingTheLoggedInUser" executed="True" success="True" time="0.016" asserts="3" />
                            </results>
                          </test-suite>
                          <test-suite name="EditWorkItemPresenterTests" success="False" time="0.109" asserts="0">
                            <results>
                              <test-case name="Dtc.ResourceManager.Tests.Unit.Presenters.EditWorkItemPresenterTests.ShouldNotSendNotificationOnInsertIfNotSelectedOnView" executed="True" success="True" time="0.078" asserts="0" />
                              <test-case name="Dtc.ResourceManager.Tests.Unit.Presenters.EditWorkItemPresenterTests.ShouldSendNotificationOnInsertIfSelectedOnView" executed="True" success="False" time="0.031" asserts="0">
                                <failure>
                                  <message><![CDATA[System.NullReferenceException : Object reference not set to an instance of an object.]]></message>
                                  <stack-trace><![CDATA[at Dtc.Mvp.ResourceManager.Presenters.EditWorkItemPresenter.InitializeNewModel() in c:\projects\ApplicationsTeamMicrosoftTechnologies\DTCResourceManager\Trunk\Source\Dtc.ResourceManager.Presenters\ResourceManager\Presenters\EditWorkItemPresenter.cs:line 47
at Dtc.Mvp.Base.Presenters.BaseEditPresenter`4.Initialize() in c:\projects\ApplicationsTeamMicrosoftTechnologies\DTCResourceManager\Trunk\Source\Dtc.ResourceManager.Presenters\Base\Presenters\BaseEditPresenter.cs:line 61
at Dtc.ResourceManager.Tests.Unit.Presenters.EditWorkItemPresenterTests.ShouldSendNotificationOnInsertIfSelectedOnView() in c:\projects\ApplicationsTeamMicrosoftTechnologies\DTCResourceManager\Trunk\Source\Dtc.ResourceManager.Tests\Unit\Presenters\EditWorkItemPresenterTests.cs:line 59
]]></stack-trace>
                                </failure>
                              </test-case>
                            </results>
                          </test-suite>
                          <test-suite name="MasterPresenterTests" success="True" time="0.047" asserts="0">
                            <results>
                              <test-case name="Dtc.ResourceManager.Tests.Unit.Presenters.MasterPresenterTests.ShouldShowCorrectNavigationToManagers" executed="True" success="True" time="0.031" asserts="0" />
                              <test-case name="Dtc.ResourceManager.Tests.Unit.Presenters.MasterPresenterTests.ShouldShowCorrectNavigationToUsers" executed="True" success="True" time="0.000" asserts="0" />
                              <test-case name="Dtc.ResourceManager.Tests.Unit.Presenters.MasterPresenterTests.ShouldShowCorrectNavigationToUsersAndManagers" executed="True" success="True" time="0.016" asserts="0" />
                            </results>
                          </test-suite>
                          <test-suite name="WorkItemListingTests" success="True" time="0.000" asserts="0">
                            <results>
                              <test-case name="Dtc.ResourceManager.Tests.Unit.Presenters.WorkItemListingTests.ShouldShowInformationAboutTheSprint" executed="False">
                                <reason>
                                  <message><![CDATA[Invalid SetUp method signature]]></message>
                                </reason>
                              </test-case>
                            </results>
                          </test-suite>
                        </results>
                      </test-suite>
                      <test-suite name="ReportAlerter" success="False" time="0.031" asserts="0">
                        <results>
                          <test-suite name="ReportAlerterTests" success="False" time="0.031" asserts="0">
                            <results>
                              <test-case name="Dtc.ResourceManager.Tests.Unit.ReportAlerter.ReportAlerterTests.ShouldNotifySingleUserTheyAreOneDayBehind" executed="True" success="True" time="0.016" asserts="2" />
                              <test-case name="Dtc.ResourceManager.Tests.Unit.ReportAlerter.ReportAlerterTests.ShouldNotifySingleUserTheyAreThreeDaysBehind" executed="True" success="True" time="0.000" asserts="3" />
                              <test-case name="Dtc.ResourceManager.Tests.Unit.ReportAlerter.ReportAlerterTests.ShouldNotSendAnyEmailsIfNoOneIsOverdue" executed="True" success="False" time="0.000" asserts="0">
                                <failure>
                                  <message><![CDATA[System.NullReferenceException : Object reference not set to an instance of an object.]]></message>
                                  <stack-trace><![CDATA[at Dtc.ResourceManager.ReportAlerter.OverdueReportQuerier.GetUsersWhoHaveNotSubmittedReports() in c:\projects\ApplicationsTeamMicrosoftTechnologies\DTCResourceManager\Trunk\Source\Dtc.ResourceManager.ReportAlerter\OverdueReportUserQuerier.cs:line 26
at Dtc.ResourceManager.ReportAlerter.OverdueReportUserNotifier.Notify() in c:\projects\ApplicationsTeamMicrosoftTechnologies\DTCResourceManager\Trunk\Source\Dtc.ResourceManager.ReportAlerter\OverdueReportUserNotifier.cs:line 27
at Dtc.ResourceManager.Tests.Unit.ReportAlerter.ReportAlerterTests.ShouldNotSendAnyEmailsIfNoOneIsOverdue() in c:\projects\ApplicationsTeamMicrosoftTechnologies\DTCResourceManager\Trunk\Source\Dtc.ResourceManager.Tests\Unit\ReportAlerter\ReportAlerterTests.cs:line 149
]]></stack-trace>
                                </failure>
                              </test-case>
                              <test-case name="Dtc.ResourceManager.Tests.Unit.ReportAlerter.ReportAlerterTests.ShouldSendNotifications" executed="True" success="False" time="0.016" asserts="0">
                                <failure>
                                  <message><![CDATA[System.NullReferenceException : Object reference not set to an instance of an object.]]></message>
                                  <stack-trace><![CDATA[at Dtc.ResourceManager.ReportAlerter.OverdueReportQuerier.GetUsersWhoHaveNotSubmittedReports() in c:\projects\ApplicationsTeamMicrosoftTechnologies\DTCResourceManager\Trunk\Source\Dtc.ResourceManager.ReportAlerter\OverdueReportUserQuerier.cs:line 26
at Dtc.ResourceManager.ReportAlerter.OverdueReportUserNotifier.Notify() in c:\projects\ApplicationsTeamMicrosoftTechnologies\DTCResourceManager\Trunk\Source\Dtc.ResourceManager.ReportAlerter\OverdueReportUserNotifier.cs:line 27
at Dtc.ResourceManager.Tests.Unit.ReportAlerter.ReportAlerterTests.ShouldSendNotifications() in c:\projects\ApplicationsTeamMicrosoftTechnologies\DTCResourceManager\Trunk\Source\Dtc.ResourceManager.Tests\Unit\ReportAlerter\ReportAlerterTests.cs:line 230
]]></stack-trace>
                                </failure>
                              </test-case>
                            </results>
                          </test-suite>
                        </results>
                      </test-suite>
                      <test-suite name="Services" success="True" time="0.031" asserts="0">
                        <results>
                          <test-suite name="NotificationServiceTests" success="True" time="0.000" asserts="0">
                            <results>
                              <test-case name="Dtc.ResourceManager.Tests.Unit.Services.NotificationServiceTests.ShouldSendNotificationsTo_ManagersEmailNotifications_Group" executed="True" success="True" time="0.000" asserts="0" />
                            </results>
                          </test-suite>
                          <test-suite name="SourceControlTaskNotificationServiceTests" success="True" time="0.031" asserts="0">
                            <results>
                              <test-case name="Dtc.ResourceManager.Tests.Unit.Services.SourceControlTaskNotificationServiceTests.ShouldBeAbleToSendANotification" executed="True" success="True" time="0.031" asserts="2" />
                            </results>
                          </test-suite>
                        </results>
                      </test-suite>
                      <test-suite name="SourceControlSystem" success="True" time="0.000" asserts="0">
                        <results>
                          <test-suite name="TeamFoundationSourceControlTaskTests" success="True" time="0.000" asserts="0">
                            <results>
                              <test-case name="Dtc.ResourceManager.Tests.Unit.SourceControlSystem.TeamFoundationSourceControlTaskTests.ShouldBe100PercentIfRemainingIsZero" executed="True" success="True" time="0.000" asserts="1" />
                              <test-case name="Dtc.ResourceManager.Tests.Unit.SourceControlSystem.TeamFoundationSourceControlTaskTests.ShouldBe75Percent" executed="True" success="True" time="0.000" asserts="1" />
                              <test-case name="Dtc.ResourceManager.Tests.Unit.SourceControlSystem.TeamFoundationSourceControlTaskTests.ShouldBeAbleToCalculatePercentageComplete" executed="True" success="True" time="0.000" asserts="1" />
                              <test-case name="Dtc.ResourceManager.Tests.Unit.SourceControlSystem.TeamFoundationSourceControlTaskTests.ShouldBeZeroPercentIfCompleteIsZero" executed="True" success="True" time="0.000" asserts="1" />
                            </results>
                          </test-suite>
                        </results>
                      </test-suite>
                    </results>
                  </test-suite>
                </results>
              </test-suite>
            </results>
          </test-suite>
        </results>
      </test-suite>
    </results>
  </test-suite>
</test-results>